Base path: C:/Program Files/Unity/Editor/Data
Cmd: initializeCompiler
Cmd: preprocess
  insize=9581 outsize=1783 ok=1
Cmd: preprocess
  insize=11372 outsize=603 ok=1
Cmd: preprocess
  insize=1459 outsize=461 ok=1
Cmd: preprocess
  insize=452 outsize=452 ok=1
Cmd: preprocess
  insize=1951 outsize=983 ok=1
Cmd: preprocess
  insize=1683 outsize=1876 ok=1
Cmd: preprocess
  insize=1205 outsize=370 ok=1
Cmd: preprocess
  insize=11640 outsize=677 ok=1
Cmd: preprocess
  insize=1762 outsize=320 ok=1
Cmd: preprocess
  insize=9103 outsize=1345 ok=1
Cmd: preprocess
  insize=985 outsize=318 ok=1
Cmd: preprocess
  insize=1050 outsize=276 ok=1
Cmd: preprocess
  insize=2120 outsize=459 ok=1
Cmd: preprocess
  insize=1455 outsize=374 ok=1
Cmd: preprocess
  insize=4081 outsize=577 ok=1
Cmd: preprocess
  insize=1518 outsize=1820 ok=1
Cmd: preprocess
  insize=3078 outsize=427 ok=1
Cmd: preprocess
  insize=1290 outsize=372 ok=1
Cmd: preprocess
  insize=6912 outsize=666 ok=1
Cmd: preprocess
  insize=11883 outsize=2284 ok=1
Cmd: preprocess
  insize=1361 outsize=276 ok=1
Cmd: preprocess
  insize=1097 outsize=957 ok=1
Cmd: preprocess
  insize=747 outsize=981 ok=1
Cmd: preprocess
  insize=3027 outsize=660 ok=1
Cmd: preprocess
  insize=939 outsize=263 ok=1
Cmd: preprocess
  insize=1577 outsize=355 ok=1
Cmd: preprocess
  insize=1539 outsize=316 ok=1
Cmd: preprocess
  insize=1919 outsize=235 ok=1
Cmd: preprocess
  insize=1467 outsize=1202 ok=1
Cmd: preprocess
  insize=1471 outsize=316 ok=1
Cmd: preprocessCompute
  insize=2749 outsize=2753 ok=1
Cmd: preprocess
  insize=1393 outsize=290 ok=1
Cmd: preprocess
  insize=2391 outsize=616 ok=1
Cmd: preprocess
  insize=1017 outsize=237 ok=1
Cmd: preprocess
  insize=3680 outsize=1982 ok=1
Cmd: preprocess
  insize=741 outsize=288 ok=1
Cmd: preprocess
  insize=6603 outsize=844 ok=1
Cmd: preprocess
  insize=33687 outsize=238 ok=1
Cmd: preprocess
  insize=1263 outsize=229 ok=1
Cmd: preprocess
  insize=4680 outsize=439 ok=1
Cmd: preprocess
  insize=1048 outsize=236 ok=1
Cmd: preprocess
  insize=6048 outsize=1506 ok=1
Cmd: preprocess
  insize=41591 outsize=2064 ok=1
Cmd: preprocess
  insize=2665 outsize=1602 ok=1
Cmd: preprocess
  insize=5658 outsize=1133 ok=1
Cmd: preprocess
  insize=13908 outsize=1727 ok=1
Cmd: preprocess
  insize=1083 outsize=321 ok=1
Cmd: preprocess
  insize=6438 outsize=615 ok=1
Cmd: preprocess
  insize=2969 outsize=642 ok=1
Cmd: preprocess
  insize=12170 outsize=2491 ok=1
Cmd: preprocess
  insize=2776 outsize=1173 ok=1
Cmd: preprocess
  insize=11123 outsize=1998 ok=1
Cmd: preprocess
  insize=14343 outsize=2056 ok=1
Cmd: preprocess
  insize=3154 outsize=508 ok=1
Cmd: preprocess
  insize=2005 outsize=397 ok=1
Cmd: preprocess
  insize=1637 outsize=638 ok=1
Cmd: preprocess
  insize=6460 outsize=570 ok=1
Cmd: preprocess
  insize=2013 outsize=263 ok=1
Cmd: preprocess
  insize=27071 outsize=3596 ok=1
Cmd: preprocess
  insize=4158 outsize=465 ok=1
Cmd: preprocess
  insize=2225 outsize=268 ok=1
Cmd: preprocess
  insize=1229 outsize=323 ok=1
Cmd: preprocess
  insize=1250 outsize=398 ok=1
Cmd: preprocess
  insize=776 outsize=234 ok=1
Cmd: preprocess
  insize=6102 outsize=734 ok=1
Cmd: preprocess
  insize=6289 outsize=619 ok=1
Cmd: preprocess
  insize=620 outsize=331 ok=1
Cmd: preprocess
  insize=8903 outsize=901 ok=1
Cmd: preprocess
  insize=41762 outsize=5554 ok=1
Cmd: preprocess
  insize=1521 outsize=496 ok=1
Cmd: preprocess
  insize=33696 outsize=238 ok=1
Cmd: preprocess
  insize=5457 outsize=1736 ok=1
Cmd: preprocess
  insize=7300 outsize=1110 ok=1
Cmd: preprocess
  insize=7124 outsize=219 ok=1
Cmd: preprocess
  insize=5646 outsize=379 ok=1
Cmd: preprocess
  insize=5545 outsize=771 ok=1
Cmd: preprocess
  insize=1371 outsize=372 ok=1
Cmd: preprocess
  insize=6152 outsize=1156 ok=1
Cmd: preprocess
  insize=768 outsize=272 ok=1
Cmd: preprocess
  insize=757 outsize=285 ok=1
Cmd: preprocess
  insize=4497 outsize=536 ok=1
Cmd: preprocess
  insize=4260 outsize=2113 ok=1
Cmd: preprocess
  insize=913 outsize=262 ok=1
Cmd: preprocess
  insize=1527 outsize=259 ok=1
Cmd: preprocess
  insize=2133 outsize=937 ok=1
Cmd: preprocess
  insize=5382 outsize=645 ok=1
Cmd: preprocess
  insize=1135 outsize=462 ok=1
Cmd: preprocess
  insize=1209 outsize=354 ok=1
Cmd: preprocess
  insize=552 outsize=227 ok=1
Cmd: preprocess
  insize=766 outsize=280 ok=1
Cmd: preprocess
  insize=5642 outsize=760 ok=1
Cmd: compileSnippet
  api=4 type=0 insize=1397 outsize=1374 kw= pd=UNITY_NO_DXT5nm UNITY_ENABLE_REFLECTION_BUFFERS UNITY_NO_CUBEMAP_ARRAY UNITY_NO_SCREENSPACE_SHADOWS UNITY_PBS_USE_BRDF2 SHADER_API_DESKTOP UNITY_HARDWARE_TIER3 UNITY_COLORSPACE_GAMMA UNITY_LIGHTMAP_DLDR_ENCODING ok=1
Cmd: compileSnippet
  api=4 type=1 insize=1397 outsize=530 kw= pd=UNITY_NO_DXT5nm UNITY_ENABLE_REFLECTION_BUFFERS UNITY_NO_CUBEMAP_ARRAY UNITY_NO_SCREENSPACE_SHADOWS UNITY_PBS_USE_BRDF2 SHADER_API_DESKTOP UNITY_HARDWARE_TIER3 UNITY_COLORSPACE_GAMMA UNITY_LIGHTMAP_DLDR_ENCODING ok=1
Cmd: initializeCompiler
Cmd: initializeCompiler
